<?xml version="1.0" encoding="UTF-8"?>
<!-- Generated by org.testng.reporters.JUnitReportReporter -->
<testsuite skipped="0" hostname="CHE2J10XS2" name="tesecases.TestCases" tests="1" failures="0" timestamp="2023-01-12T10:26:09 IST" time="34.740" errors="0">
  <testcase name="Myntra" time="34.740" classname="tesecases.TestCases"/>
  <system-out/>
</testsuite> <!-- tesecases.TestCases -->
