<?xml version="1.0" encoding="UTF-8"?>
<!-- Generated by org.testng.reporters.JUnitReportReporter -->
<testsuite skipped="0" hostname="CHE2J10XS2" name="tesecases.HomeTest" tests="1" failures="0" timestamp="2023-01-06T16:45:40 IST" time="8.540" errors="0">
  <testcase name="Myntra" time="8.540" classname="tesecases.HomeTest"/>
  <system-out/>
</testsuite> <!-- tesecases.HomeTest -->
