<?xml version="1.0" encoding="UTF-8"?>
<!-- Generated by org.testng.reporters.JUnitReportReporter -->
<testsuite skipped="0" hostname="CHE2J10XS2" name="tesecases.VerifyMyntraSite" tests="1" failures="0" timestamp="2023-01-13T10:22:37 IST" time="7.684" errors="0">
  <testcase name="Myntra" time="7.684" classname="tesecases.VerifyMyntraSite"/>
  <system-out/>
</testsuite> <!-- tesecases.VerifyMyntraSite -->
